c:\users\joshu\cs104\game-engine\bin\debug-windows-x86_64\anacardia\anacardia.lib
c:\users\joshu\cs104\game-engine\bin\debug-windows-x86_64\anacardia\anacardia.exp
c:\users\joshu\cs104\game-engine\bin-int\debug-windows-x86_64\anacardia\anacardia.pch
c:\users\joshu\cs104\game-engine\bin-int\debug-windows-x86_64\anacardia\vc142.pdb
c:\users\joshu\cs104\game-engine\bin-int\debug-windows-x86_64\anacardia\vc142.idb
c:\users\joshu\cs104\game-engine\bin-int\debug-windows-x86_64\anacardia\pch.obj
c:\users\joshu\cs104\game-engine\bin-int\debug-windows-x86_64\anacardia\windowswindow.obj
c:\users\joshu\cs104\game-engine\bin-int\debug-windows-x86_64\anacardia\log.obj
c:\users\joshu\cs104\game-engine\bin-int\debug-windows-x86_64\anacardia\application.obj
c:\users\joshu\cs104\game-engine\bin\debug-windows-x86_64\anacardia\anacardia.dll
c:\users\joshu\cs104\game-engine\bin\debug-windows-x86_64\anacardia\anacardia.ilk
c:\users\joshu\cs104\game-engine\bin\debug-windows-x86_64\anacardia\anacardia.pdb
c:\users\joshu\cs104\game-engine\anacardia\..\bin\debug-windows-x86_64\anacardia\anacardia.dll
c:\users\joshu\cs104\game-engine\bin-int\debug-windows-x86_64\anacardia\anacardia.tlog\anacardia.write.1u.tlog
c:\users\joshu\cs104\game-engine\bin-int\debug-windows-x86_64\anacardia\anacardia.tlog\cl.command.1.tlog
c:\users\joshu\cs104\game-engine\bin-int\debug-windows-x86_64\anacardia\anacardia.tlog\cl.read.1.tlog
c:\users\joshu\cs104\game-engine\bin-int\debug-windows-x86_64\anacardia\anacardia.tlog\cl.write.1.tlog
c:\users\joshu\cs104\game-engine\bin-int\debug-windows-x86_64\anacardia\anacardia.tlog\link.12152.delete.1.tlog
c:\users\joshu\cs104\game-engine\bin-int\debug-windows-x86_64\anacardia\anacardia.tlog\link.command.1.tlog
c:\users\joshu\cs104\game-engine\bin-int\debug-windows-x86_64\anacardia\anacardia.tlog\link.read.1.tlog
c:\users\joshu\cs104\game-engine\bin-int\debug-windows-x86_64\anacardia\anacardia.tlog\link.write.1.tlog
